<?xml version="1.0" encoding="UTF-8"?>
<testng-results skipped="0" failed="0" ignored="0" total="2" passed="2">
  <reporter-output>
  </reporter-output>
  <suite name="Suite" duration-ms="68" started-at="2018-06-28T05:55:23Z" finished-at="2018-06-28T05:55:23Z">
    <groups>
    </groups>
    <test name="Test" duration-ms="68" started-at="2018-06-28T05:55:23Z" finished-at="2018-06-28T05:55:23Z">
      <class name="MyNewProject.anand.NewTest">
        <test-method status="PASS" signature="beforeSuite()[pri:0, instance:MyNewProject.anand.NewTest@26653222]" name="beforeSuite" is-config="true" duration-ms="23" started-at="2018-06-28T05:55:23Z" finished-at="2018-06-28T05:55:23Z">
          <reporter-output>
          </reporter-output>
        </test-method> <!-- beforeSuite -->
        <test-method status="PASS" signature="beforeTest()[pri:0, instance:MyNewProject.anand.NewTest@26653222]" name="beforeTest" is-config="true" duration-ms="1" started-at="2018-06-28T05:55:23Z" finished-at="2018-06-28T05:55:23Z">
          <reporter-output>
          </reporter-output>
        </test-method> <!-- beforeTest -->
        <test-method status="PASS" signature="beforeClass()[pri:0, instance:MyNewProject.anand.NewTest@26653222]" name="beforeClass" is-config="true" duration-ms="1" started-at="2018-06-28T05:55:23Z" finished-at="2018-06-28T05:55:23Z">
          <reporter-output>
          </reporter-output>
        </test-method> <!-- beforeClass -->
        <test-method status="PASS" signature="f()[pri:0, instance:MyNewProject.anand.NewTest@26653222]" name="f" duration-ms="10" started-at="2018-06-28T05:55:23Z" finished-at="2018-06-28T05:55:23Z">
          <reporter-output>
          </reporter-output>
        </test-method> <!-- f -->
        <test-method status="PASS" signature="beforeMethod()[pri:0, instance:MyNewProject.anand.NewTest@26653222]" name="beforeMethod" is-config="true" duration-ms="0" started-at="2018-06-28T05:55:23Z" finished-at="2018-06-28T05:55:23Z">
          <reporter-output>
          </reporter-output>
        </test-method> <!-- beforeMethod -->
        <test-method status="PASS" signature="afterMethod()[pri:0, instance:MyNewProject.anand.NewTest@26653222]" name="afterMethod" is-config="true" duration-ms="2" started-at="2018-06-28T05:55:23Z" finished-at="2018-06-28T05:55:23Z">
          <reporter-output>
          </reporter-output>
        </test-method> <!-- afterMethod -->
        <test-method status="PASS" signature="beforeMethod()[pri:0, instance:MyNewProject.anand.NewTest@26653222]" name="beforeMethod" is-config="true" duration-ms="1" started-at="2018-06-28T05:55:23Z" finished-at="2018-06-28T05:55:23Z">
          <reporter-output>
          </reporter-output>
        </test-method> <!-- beforeMethod -->
        <test-method status="PASS" signature="f1()[pri:0, instance:MyNewProject.anand.NewTest@26653222]" name="f1" duration-ms="4" started-at="2018-06-28T05:55:23Z" finished-at="2018-06-28T05:55:23Z">
          <reporter-output>
          </reporter-output>
        </test-method> <!-- f1 -->
        <test-method status="PASS" signature="afterMethod()[pri:0, instance:MyNewProject.anand.NewTest@26653222]" name="afterMethod" is-config="true" duration-ms="1" started-at="2018-06-28T05:55:23Z" finished-at="2018-06-28T05:55:23Z">
          <reporter-output>
          </reporter-output>
        </test-method> <!-- afterMethod -->
        <test-method status="PASS" signature="afterClass()[pri:0, instance:MyNewProject.anand.NewTest@26653222]" name="afterClass" is-config="true" duration-ms="0" started-at="2018-06-28T05:55:23Z" finished-at="2018-06-28T05:55:23Z">
          <reporter-output>
          </reporter-output>
        </test-method> <!-- afterClass -->
        <test-method status="PASS" signature="afterTest()[pri:0, instance:MyNewProject.anand.NewTest@26653222]" name="afterTest" is-config="true" duration-ms="0" started-at="2018-06-28T05:55:23Z" finished-at="2018-06-28T05:55:23Z">
          <reporter-output>
          </reporter-output>
        </test-method> <!-- afterTest -->
        <test-method status="PASS" signature="afterSuite()[pri:0, instance:MyNewProject.anand.NewTest@26653222]" name="afterSuite" is-config="true" duration-ms="1" started-at="2018-06-28T05:55:24Z" finished-at="2018-06-28T05:55:24Z">
          <reporter-output>
          </reporter-output>
        </test-method> <!-- afterSuite -->
      </class> <!-- MyNewProject.anand.NewTest -->
    </test> <!-- Test -->
  </suite> <!-- Suite -->
</testng-results>
