<?xml version="1.0" encoding="UTF-8"?>
<testng-results skipped="0" failed="0" total="1" passed="1">
  <reporter-output>
  </reporter-output>
  <suite name="Suite" duration-ms="536079" started-at="2019-01-15T09:43:52Z" finished-at="2019-01-15T09:52:49Z">
    <groups>
    </groups>
    <test name="Test" duration-ms="536079" started-at="2019-01-15T09:43:52Z" finished-at="2019-01-15T09:52:49Z">
      <class name="com.qa.test.getAPITest">
        <test-method status="PASS" signature="setup()[pri:0, instance:com.qa.test.getAPITest@51e5fc98]" name="setup" is-config="true" duration-ms="27" started-at="2019-01-15T15:13:53Z" finished-at="2019-01-15T15:13:53Z">
          <reporter-output>
          </reporter-output>
        </test-method> <!-- setup -->
        <test-method status="PASS" signature="getAPITestWithArrays()[pri:0, instance:com.qa.test.getAPITest@51e5fc98]" name="getAPITestWithArrays" duration-ms="535998" started-at="2019-01-15T15:13:53Z" finished-at="2019-01-15T15:22:49Z">
          <reporter-output>
          </reporter-output>
        </test-method> <!-- getAPITestWithArrays -->
      </class> <!-- com.qa.test.getAPITest -->
    </test> <!-- Test -->
  </suite> <!-- Suite -->
</testng-results>
