<?xml version="1.0" encoding="UTF-8"?>
<!-- Generated by org.testng.reporters.JUnitXMLReporter -->
<testsuite hostname="W8-GN-FC-020" ignored="1" name="Test" tests="1" failures="0" timestamp="28 Dec 2018 05:28:24 GMT" time="199.746" errors="0">
  <testcase name="flightReservation" time="0.0" classname="Test.Flight">
    <skipped/>
  </testcase> <!-- flightReservation -->
  <testcase name="login" time="0.0" classname="Test.Flight">
    <ignored/>
  </testcase> <!-- login -->
</testsuite> <!-- Test -->
